<?xml version="1.0" encoding="UTF-8"?>
<beans xmlns="http://www.springframework.org/schema/beans"
       xmlns:xsi="http://www.w3.org/2001/XMLSchema-instance"
       xmlns:context="http://www.springframework.org/schema/context"
       xsi:schemaLocation="http://www.springframework.org/schema/beans http://www.springframework.org/schema/beans/spring-beans.xsd
                           http://www.springframework.org/schema/context http://www.springframework.org/schema/context/spring-context.xsd">

  <bean id="embeddedMongodFactory" class="fi.vm.sade.valintalaskenta.laskenta.testing.ValintalaskentaMongodForTestsFactory" lazy-init="true"/>
  <bean id="switchingMongoFactory" class="fi.vm.sade.valintalaskenta.laskenta.service.it.ValintalaskentaDbDumpingTest$SwitchingMongoFactory" destroy-method="shutdown"/>
  <bean id="mongo" factory-bean="switchingMongoFactory" factory-method="newMongo"/>

  <bean id="morphia2" class="dev.morphia.Morphia"/>
  <bean id="datastore2" factory-bean="morphia2" factory-method="createDatastore">
    <constructor-arg type="com.mongodb.MongoClient" ref="mongo"/>
    <constructor-arg type="java.lang.String" value="valintalaskentadb"/>
  </bean>

  <context:annotation-config/>

  <context:component-scan base-package="fi.vm.sade.valintalaskenta.tulos.dao"/>

  <bean id="modelMapper" class="fi.vm.sade.valintalaskenta.tulos.mapping.ValintalaskentaModelMapper"/>
  <bean id="valinnanvaihedao" class="fi.vm.sade.valintalaskenta.laskenta.dao.impl.ValinnanvaiheDAOImpl"/>
  <bean id="valintalaskentaDbDumper" class="fi.vm.sade.valintalaskenta.laskenta.service.it.ValintalaskentaDbDumpingTest"/>
  <bean id="tulosAuditLogMock" class="fi.vm.sade.valintalaskenta.tulos.logging.LaskentaAuditLogMock"/>
</beans>
