<?xml version="1.0" encoding="UTF-8"?>
<beans xmlns="http://www.springframework.org/schema/beans"
       xmlns:xsi="http://www.w3.org/2001/XMLSchema-instance"
       xmlns:mockito="http://www.mockito.org/spring/mockito"
       xmlns:context="http://www.springframework.org/schema/context"
       xsi:schemaLocation="http://www.springframework.org/schema/beans http://www.springframework.org/schema/beans/spring-beans.xsd
                           http://www.springframework.org/schema/context http://www.springframework.org/schema/context/spring-context.xsd
                           http://www.mockito.org/spring/mockito http://www.mockito.org/spring/mockito.xsd">

  <bean id="mongoUri2" class="com.mongodb.MongoClientURI">
    <constructor-arg type="java.lang.String"
                     value="#{systemProperties['VIRKAILIJAMONGO_URL'] ?: 'Please set VIRKAILIJAMONGO_URL system property!' }"/>
  </bean>

  <bean id="mongo2" class="com.mongodb.MongoClient">
    <constructor-arg type="com.mongodb.MongoClientURI" ref="mongoUri2"/>
  </bean>
  <bean id="morphia2" class="org.mongodb.morphia.Morphia"/>
  <bean id="datastore2" factory-bean="morphia2" factory-method="createDatastore">
    <constructor-arg type="com.mongodb.MongoClient" ref="mongo2"/>
    <constructor-arg type="java.lang.String" value="valintalaskentadb"/>
  </bean>

  <bean id="mongodFactory" class="de.flapdoodle.embed.mongo.tests.MongodForTestsFactory" destroy-method="shutdown"/>
  <bean id="mongo" class="com.mongodb.MongoClient" factory-bean="mongodFactory" factory-method="newMongo"/>

  <context:annotation-config/>

  <context:component-scan base-package="fi.vm.sade.valintalaskenta.tulos.dao"/>

  <bean id="modelMapper" class="fi.vm.sade.valintalaskenta.tulos.mapping.ValintalaskentaModelMapper"/>
  <bean id="valinnanvaihedao" class="fi.vm.sade.valintalaskenta.laskenta.dao.impl.ValinnanvaiheDAOImpl"/>
  <bean id="valintalaskentaDbDumper" class="fi.vm.sade.valintalaskenta.laskenta.service.it.ValintalaskentaDbDumper"/>

  <mockito:mock id="authorizer" class="fi.vm.sade.authentication.business.service.Authorizer"/>
</beans>
